[debug] [2024-05-28T13:52:36.707Z] ----------------------------------------------------------------------
[debug] [2024-05-28T13:52:36.708Z] Command:       /usr/local/bin/node /usr/local/bin/firebase init
[debug] [2024-05-28T13:52:36.708Z] CLI Version:   13.10.1
[debug] [2024-05-28T13:52:36.708Z] Platform:      darwin
[debug] [2024-05-28T13:52:36.708Z] Node Version:  v22.1.0
[debug] [2024-05-28T13:52:36.708Z] Time:          Tue May 28 2024 19:22:36 GMT+0530 (India Standard Time)
[debug] [2024-05-28T13:52:36.708Z] ----------------------------------------------------------------------
[debug] 
[debug] [2024-05-28T13:52:36.712Z] > command requires scopes: ["email","openid","https://www.googleapis.com/auth/cloudplatformprojects.readonly","https://www.googleapis.com/auth/firebase","https://www.googleapis.com/auth/cloud-platform"]
[debug] [2024-05-28T13:52:36.713Z] > authorizing via signed-in user (anubhavshaurya3@gmail.com)
[info] 
     ######## #### ########  ######## ########     ###     ######  ########
     ##        ##  ##     ## ##       ##     ##  ##   ##  ##       ##
     ######    ##  ########  ######   ########  #########  ######  ######
     ##        ##  ##    ##  ##       ##     ## ##     ##       ## ##
     ##       #### ##     ## ######## ########  ##     ##  ######  ########

You're about to initialize a Firebase project in this directory:

  /Users/anubhavshaurya/Desktop/react_tutorials/Expensetracker

[info] 
=== Project Setup
[info] 
[info] First, let's associate this project directory with a Firebase project.
[info] You can create multiple project aliases by running firebase use --add, 
[info] but for now we'll just set up a default project.
[info] 
[debug] [2024-05-28T13:54:31.594Z] > refreshing access token with scopes: []
[debug] [2024-05-28T13:54:31.597Z] >>> [apiv2][query] POST https://www.googleapis.com/oauth2/v3/token [none]
[debug] [2024-05-28T13:54:31.598Z] >>> [apiv2][body] POST https://www.googleapis.com/oauth2/v3/token [omitted]
[debug] [2024-05-28T13:54:32.248Z] <<< [apiv2][status] POST https://www.googleapis.com/oauth2/v3/token 200
[debug] [2024-05-28T13:54:32.248Z] <<< [apiv2][body] POST https://www.googleapis.com/oauth2/v3/token [omitted]
[debug] [2024-05-28T13:54:32.263Z] >>> [apiv2][query] GET https://firebase.googleapis.com/v1beta1/projects pageSize=100
[debug] [2024-05-28T13:54:33.292Z] <<< [apiv2][status] GET https://firebase.googleapis.com/v1beta1/projects 200
[debug] [2024-05-28T13:54:33.292Z] <<< [apiv2][body] GET https://firebase.googleapis.com/v1beta1/projects [omitted]
[info] i  Using project expense-1ccda (expense) 
[info] 
=== Hosting Setup
[debug] [2024-05-28T13:55:23.921Z] >>> [apiv2][query] GET https://firebase.googleapis.com/v1beta1/projects/expense-1ccda [none]
[debug] [2024-05-28T13:55:24.981Z] <<< [apiv2][status] GET https://firebase.googleapis.com/v1beta1/projects/expense-1ccda 200
[debug] [2024-05-28T13:55:24.981Z] <<< [apiv2][body] GET https://firebase.googleapis.com/v1beta1/projects/expense-1ccda {"projectId":"expense-1ccda","projectNumber":"716899840475","displayName":"expense","name":"projects/expense-1ccda","resources":{"hostingSite":"expense-1ccda"},"state":"ACTIVE","etag":"1_ce3a5c21-4d18-4953-9616-b9bebffcdf1e"}
[info] 
[info] Your public directory is the folder (relative to your project directory) that
[info] will contain Hosting assets to be uploaded with firebase deploy. If you
[info] have a build process for your assets, use your build's output directory.
[info] 
[info] ✔  Wrote public/404.html 
[debug] [2024-05-28T13:56:23.444Z] >>> [apiv2][query] GET https://www.gstatic.com/firebasejs/releases.json [none]
[debug] [2024-05-28T13:56:24.031Z] <<< [apiv2][status] GET https://www.gstatic.com/firebasejs/releases.json 200
[debug] [2024-05-28T13:56:24.031Z] <<< [apiv2][body] GET https://www.gstatic.com/firebasejs/releases.json {"current":{"version":"10.12.2","browserURL":"https://www.gstatic.com/firebasejs/10.12.2/firebase.js","packageURL":"https://www.gstatic.com/firebasejs/10.12.2/firebase.tgz"},"live":{"version":"10.12","browserURL":"https://www.gstatic.com/firebasejs/live/10.12/firebase.js","packageURL":"https://www.gstatic.com/firebasejs/live/10.12/firebase.tgz"},"components":{"analytics":"https://www.gstatic.com/firebasejs/10.12.2/firebase-analytics.js","app":"https://www.gstatic.com/firebasejs/10.12.2/firebase-app.js","app-check":"https://www.gstatic.com/firebasejs/10.12.2/firebase-app-check.js","auth":"https://www.gstatic.com/firebasejs/10.12.2/firebase-auth.js","auth/cordova":"https://www.gstatic.com/firebasejs/10.12.2/firebase-auth/cordova.js","auth/web-extension":"https://www.gstatic.com/firebasejs/10.12.2/firebase-auth/web-extension.js","functions":"https://www.gstatic.com/firebasejs/10.12.2/firebase-functions.js","firestore":"https://www.gstatic.com/firebasejs/10.12.2/firebase-firestore.js","firestore/lite":"https://www.gstatic.com/firebasejs/10.12.2/firebase-firestore/lite.js","installations":"https://www.gstatic.com/firebasejs/10.12.2/firebase-installations.js","storage":"https://www.gstatic.com/firebasejs/10.12.2/firebase-storage.js","performance":"https://www.gstatic.com/firebasejs/10.12.2/firebase-performance.js","remote-config":"https://www.gstatic.com/firebasejs/10.12.2/firebase-remote-config.js","messaging":"https://www.gstatic.com/firebasejs/10.12.2/firebase-messaging.js","messaging/sw":"https://www.gstatic.com/firebasejs/10.12.2/firebase-messaging/sw.js","database":"https://www.gstatic.com/firebasejs/10.12.2/firebase-database.js","vertexai-preview":"https://www.gstatic.com/firebasejs/10.12.2/firebase-vertexai-preview.js","firestore.memory":"https://www.gstatic.com/firebasejs/10.12.2/firebase-firestore.memory.js"}}
[info] i  Skipping write of public/index.html 
[info] 
[info] i  Detected a .git folder at /Users/anubhavshaurya/Desktop/react_tutorials/Expensetracker 
[info] i  Authorizing with GitHub to upload your service account to a GitHub repository's secrets store. 
[info] 
[info] Visit this URL on this device to log in:
[info] https://github.com/login/oauth/authorize?client_id=89cf50f02ac6aaed3484&state=99857515&redirect_uri=http%3A%2F%2Flocalhost%3A9005&scope=read%3Auser%20repo%20public_repo
[info] 
[info] Waiting for authentication...
[debug] [2024-05-28T13:57:09.574Z] >>> [apiv2][query] POST https://github.com/login/oauth/access_token [none]
[debug] [2024-05-28T13:57:09.574Z] >>> [apiv2][body] POST https://github.com/login/oauth/access_token [stream]
[debug] [2024-05-28T13:57:11.094Z] <<< [apiv2][status] POST https://github.com/login/oauth/access_token 200
[debug] [2024-05-28T13:57:11.095Z] <<< [apiv2][body] POST https://github.com/login/oauth/access_token {"access_token":"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","token_type":"bearer","scope":"read:user,repo"}
[debug] [2024-05-28T13:57:11.110Z] >>> [apiv2][query] GET https://api.github.com/user [none]
[debug] [2024-05-28T13:57:12.038Z] <<< [apiv2][status] GET https://api.github.com/user 200
[debug] [2024-05-28T13:57:12.039Z] <<< [apiv2][body] GET https://api.github.com/user {"login":"anubhav220","id":97554087,"node_id":"U_kgDOBdCOpw","avatar_url":"https://avatars.githubusercontent.com/u/97554087?v=4","gravatar_id":"","url":"https://api.github.com/users/anubhav220","html_url":"https://github.com/anubhav220","followers_url":"https://api.github.com/users/anubhav220/followers","following_url":"https://api.github.com/users/anubhav220/following{/other_user}","gists_url":"https://api.github.com/users/anubhav220/gists{/gist_id}","starred_url":"https://api.github.com/users/anubhav220/starred{/owner}{/repo}","subscriptions_url":"https://api.github.com/users/anubhav220/subscriptions","organizations_url":"https://api.github.com/users/anubhav220/orgs","repos_url":"https://api.github.com/users/anubhav220/repos","events_url":"https://api.github.com/users/anubhav220/events{/privacy}","received_events_url":"https://api.github.com/users/anubhav220/received_events","type":"User","site_admin":false,"name":"Anubhav shaurya","company":null,"blog":"","location":"RI","email":null,"hireable":null,"bio":null,"twitter_username":null,"public_repos":3,"public_gists":0,"followers":0,"following":1,"created_at":"2022-01-11T19:29:39Z","updated_at":"2024-05-28T12:33:43Z","private_gists":0,"total_private_repos":0,"owned_private_repos":0,"disk_usage":12449,"collaborators":0,"two_factor_authentication":false,"plan":{"name":"pro","space":976562499,"collaborators":0,"private_repos":9999}}
[info] 
[info] ✔  Success! Logged into GitHub as anubhav220 
[info] 
